<?xml version="1.0" encoding="UTF-8"?>
<!-- Generated by org.testng.reporters.JUnitReportReporter -->
<testsuite hostname="Mash-PF4DBCNJ" failures="0" tests="1" name="Page_Object_Model.Login_Test" time="5.503" errors="0" timestamp="2025-01-05T22:26:56 PKT" skipped="0">
  <testcase classname="Page_Object_Model.Login_Test" name="Login_tescase" time="5.503"/>
</testsuite> <!-- Page_Object_Model.Login_Test -->
